<?xml version="1.0" encoding="UTF-8"?>
<coverage generated="1765319527199" clover="3.2.0">
  <project timestamp="1765319527200" name="All files">
    <metrics statements="66" coveredstatements="22" conditionals="34" coveredconditionals="15" methods="9" coveredmethods="5" elements="109" coveredelements="42" complexity="0" loc="66" ncloc="66" packages="1" files="1" classes="1"/>
    <file name="index.js" path="/home/anne/notes-app/index.js">
      <metrics statements="66" coveredstatements="22" conditionals="34" coveredconditionals="15" methods="9" coveredmethods="5"/>
      <line num="1" count="3" type="stmt"/>
      <line num="2" count="3" type="stmt"/>
      <line num="3" count="3" type="stmt"/>
      <line num="4" count="3" type="stmt"/>
      <line num="7" count="3" type="stmt"/>
      <line num="8" count="3" type="stmt"/>
      <line num="9" count="3" type="stmt"/>
      <line num="12" count="3" type="stmt"/>
      <line num="23" count="0" type="stmt"/>
      <line num="24" count="0" type="stmt"/>
      <line num="25" count="0" type="stmt"/>
      <line num="35" count="0" type="stmt"/>
      <line num="37" count="0" type="stmt"/>
      <line num="40" count="0" type="stmt"/>
      <line num="41" count="0" type="stmt"/>
      <line num="46" count="3" type="stmt"/>
      <line num="47" count="0" type="stmt"/>
      <line num="51" count="3" type="stmt"/>
      <line num="52" count="2" type="cond" truecount="1" falsecount="1"/>
      <line num="53" count="0" type="stmt"/>
      <line num="54" count="0" type="stmt"/>
      <line num="55" count="0" type="stmt"/>
      <line num="57" count="0" type="stmt"/>
      <line num="58" count="0" type="stmt"/>
      <line num="63" count="3" type="stmt"/>
      <line num="64" count="4" type="cond" truecount="1" falsecount="1"/>
      <line num="65" count="0" type="stmt"/>
      <line num="67" count="0" type="cond" truecount="0" falsecount="5"/>
      <line num="68" count="0" type="stmt"/>
      <line num="71" count="0" type="stmt"/>
      <line num="72" count="0" type="stmt"/>
      <line num="76" count="0" type="stmt"/>
      <line num="84" count="0" type="stmt"/>
      <line num="85" count="0" type="stmt"/>
      <line num="90" count="3" type="stmt"/>
      <line num="91" count="1" type="cond" truecount="1" falsecount="1"/>
      <line num="92" count="0" type="stmt"/>
      <line num="93" count="0" type="stmt"/>
      <line num="95" count="0" type="cond" truecount="0" falsecount="5"/>
      <line num="96" count="0" type="stmt"/>
      <line num="99" count="0" type="stmt"/>
      <line num="100" count="0" type="stmt"/>
      <line num="105" count="0" type="cond" truecount="0" falsecount="2"/>
      <line num="106" count="0" type="stmt"/>
      <line num="109" count="0" type="stmt"/>
      <line num="111" count="0" type="stmt"/>
      <line num="112" count="0" type="stmt"/>
      <line num="117" count="3" type="stmt"/>
      <line num="118" count="1" type="cond" truecount="1" falsecount="1"/>
      <line num="119" count="0" type="stmt"/>
      <line num="121" count="0" type="stmt"/>
      <line num="122" count="0" type="stmt"/>
      <line num="124" count="0" type="cond" truecount="0" falsecount="2"/>
      <line num="125" count="0" type="stmt"/>
      <line num="128" count="0" type="stmt"/>
      <line num="130" count="0" type="stmt"/>
      <line num="131" count="0" type="stmt"/>
      <line num="136" count="3" type="stmt"/>
      <line num="137" count="2" type="stmt"/>
      <line num="140" count="3" type="cond" truecount="2" falsecount="0"/>
      <line num="143" count="0" type="stmt"/>
      <line num="144" count="0" type="stmt"/>
      <line num="145" count="0" type="stmt"/>
      <line num="150" count="3" type="stmt"/>
      <line num="153" count="3" type="cond" truecount="1" falsecount="1"/>
      <line num="154" count="0" type="stmt"/>
    </file>
  </project>
</coverage>
