{"/home/anne/notes-app/index.js": {"path":"/home/anne/notes-app/index.js","statementMap":{"0":{"start":{"line":1,"column":16},"end":{"line":1,"column":34}},"1":{"start":{"line":2,"column":14},"end":{"line":2,"column":39}},"2":{"start":{"line":3,"column":13},"end":{"line":3,"column":28}},"3":{"start":{"line":4,"column":12},"end":{"line":4,"column":21}},"4":{"start":{"line":7,"column":0},"end":{"line":7,"column":24}},"5":{"start":{"line":8,"column":0},"end":{"line":8,"column":48}},"6":{"start":{"line":9,"column":0},"end":{"line":9,"column":34}},"7":{"start":{"line":12,"column":17},"end":{"line":17,"column":1}},"8":{"start":{"line":23,"column":2},"end":{"line":42,"column":3}},"9":{"start":{"line":24,"column":4},"end":{"line":24,"column":48}},"10":{"start":{"line":25,"column":4},"end":{"line":34,"column":7}},"11":{"start":{"line":35,"column":4},"end":{"line":35,"column":67}},"12":{"start":{"line":37,"column":4},"end":{"line":37,"column":56}},"13":{"start":{"line":40,"column":4},"end":{"line":40,"column":14}},"14":{"start":{"line":41,"column":4},"end":{"line":41,"column":99}},"15":{"start":{"line":46,"column":0},"end":{"line":48,"column":3}},"16":{"start":{"line":47,"column":2},"end":{"line":47,"column":61}},"17":{"start":{"line":51,"column":0},"end":{"line":60,"column":3}},"18":{"start":{"line":52,"column":2},"end":{"line":52,"column":74}},"19":{"start":{"line":52,"column":11},"end":{"line":52,"column":74}},"20":{"start":{"line":53,"column":2},"end":{"line":59,"column":3}},"21":{"start":{"line":54,"column":19},"end":{"line":54,"column":88}},"22":{"start":{"line":55,"column":4},"end":{"line":55,"column":19}},"23":{"start":{"line":57,"column":4},"end":{"line":57,"column":57}},"24":{"start":{"line":58,"column":4},"end":{"line":58,"column":68}},"25":{"start":{"line":63,"column":0},"end":{"line":87,"column":3}},"26":{"start":{"line":64,"column":2},"end":{"line":64,"column":74}},"27":{"start":{"line":64,"column":11},"end":{"line":64,"column":74}},"28":{"start":{"line":65,"column":59},"end":{"line":65,"column":67}},"29":{"start":{"line":67,"column":2},"end":{"line":69,"column":3}},"30":{"start":{"line":68,"column":4},"end":{"line":68,"column":108}},"31":{"start":{"line":71,"column":2},"end":{"line":86,"column":3}},"32":{"start":{"line":72,"column":21},"end":{"line":75,"column":5}},"33":{"start":{"line":76,"column":4},"end":{"line":82,"column":7}},"34":{"start":{"line":84,"column":4},"end":{"line":84,"column":55}},"35":{"start":{"line":85,"column":4},"end":{"line":85,"column":67}},"36":{"start":{"line":90,"column":0},"end":{"line":114,"column":3}},"37":{"start":{"line":91,"column":2},"end":{"line":91,"column":74}},"38":{"start":{"line":91,"column":11},"end":{"line":91,"column":74}},"39":{"start":{"line":92,"column":17},"end":{"line":92,"column":27}},"40":{"start":{"line":93,"column":59},"end":{"line":93,"column":67}},"41":{"start":{"line":95,"column":2},"end":{"line":97,"column":3}},"42":{"start":{"line":96,"column":4},"end":{"line":96,"column":108}},"43":{"start":{"line":99,"column":2},"end":{"line":113,"column":3}},"44":{"start":{"line":100,"column":21},"end":{"line":103,"column":5}},"45":{"start":{"line":105,"column":4},"end":{"line":107,"column":5}},"46":{"start":{"line":106,"column":6},"end":{"line":106,"column":69}},"47":{"start":{"line":109,"column":4},"end":{"line":109,"column":61}},"48":{"start":{"line":111,"column":4},"end":{"line":111,"column":55}},"49":{"start":{"line":112,"column":4},"end":{"line":112,"column":67}},"50":{"start":{"line":117,"column":0},"end":{"line":133,"column":3}},"51":{"start":{"line":118,"column":2},"end":{"line":118,"column":74}},"52":{"start":{"line":118,"column":11},"end":{"line":118,"column":74}},"53":{"start":{"line":119,"column":17},"end":{"line":119,"column":27}},"54":{"start":{"line":121,"column":2},"end":{"line":132,"column":3}},"55":{"start":{"line":122,"column":21},"end":{"line":122,"column":82}},"56":{"start":{"line":124,"column":4},"end":{"line":126,"column":5}},"57":{"start":{"line":125,"column":6},"end":{"line":125,"column":69}},"58":{"start":{"line":128,"column":4},"end":{"line":128,"column":61}},"59":{"start":{"line":130,"column":4},"end":{"line":130,"column":55}},"60":{"start":{"line":131,"column":4},"end":{"line":131,"column":67}},"61":{"start":{"line":136,"column":0},"end":{"line":138,"column":3}},"62":{"start":{"line":137,"column":2},"end":{"line":137,"column":78}},"63":{"start":{"line":140,"column":13},"end":{"line":140,"column":37}},"64":{"start":{"line":143,"column":2},"end":{"line":143,"column":17}},"65":{"start":{"line":144,"column":2},"end":{"line":146,"column":5}},"66":{"start":{"line":145,"column":4},"end":{"line":145,"column":50}},"67":{"start":{"line":150,"column":0},"end":{"line":150,"column":38}},"68":{"start":{"line":153,"column":0},"end":{"line":155,"column":1}},"69":{"start":{"line":154,"column":2},"end":{"line":154,"column":16}}},"fnMap":{"0":{"name":"initDB","decl":{"start":{"line":22,"column":15},"end":{"line":22,"column":21}},"loc":{"start":{"line":22,"column":24},"end":{"line":43,"column":1}},"line":22},"1":{"name":"(anonymous_1)","decl":{"start":{"line":46,"column":13},"end":{"line":46,"column":14}},"loc":{"start":{"line":46,"column":27},"end":{"line":48,"column":1}},"line":46},"2":{"name":"(anonymous_2)","decl":{"start":{"line":51,"column":27},"end":{"line":51,"column":28}},"loc":{"start":{"line":51,"column":47},"end":{"line":60,"column":1}},"line":51},"3":{"name":"(anonymous_3)","decl":{"start":{"line":63,"column":28},"end":{"line":63,"column":29}},"loc":{"start":{"line":63,"column":48},"end":{"line":87,"column":1}},"line":63},"4":{"name":"(anonymous_4)","decl":{"start":{"line":90,"column":31},"end":{"line":90,"column":32}},"loc":{"start":{"line":90,"column":51},"end":{"line":114,"column":1}},"line":90},"5":{"name":"(anonymous_5)","decl":{"start":{"line":117,"column":34},"end":{"line":117,"column":35}},"loc":{"start":{"line":117,"column":54},"end":{"line":133,"column":1}},"line":117},"6":{"name":"(anonymous_6)","decl":{"start":{"line":136,"column":19},"end":{"line":136,"column":20}},"loc":{"start":{"line":136,"column":33},"end":{"line":138,"column":1}},"line":136},"7":{"name":"startServer","decl":{"start":{"line":142,"column":15},"end":{"line":142,"column":26}},"loc":{"start":{"line":142,"column":29},"end":{"line":147,"column":1}},"line":142},"8":{"name":"(anonymous_8)","decl":{"start":{"line":144,"column":19},"end":{"line":144,"column":20}},"loc":{"start":{"line":144,"column":25},"end":{"line":146,"column":3}},"line":144}},"branchMap":{"0":{"loc":{"start":{"line":13,"column":8},"end":{"line":13,"column":42}},"type":"binary-expr","locations":[{"start":{"line":13,"column":8},"end":{"line":13,"column":27}},{"start":{"line":13,"column":31},"end":{"line":13,"column":42}}],"line":13},"1":{"loc":{"start":{"line":14,"column":8},"end":{"line":14,"column":37}},"type":"binary-expr","locations":[{"start":{"line":14,"column":8},"end":{"line":14,"column":27}},{"start":{"line":14,"column":31},"end":{"line":14,"column":37}}],"line":14},"2":{"loc":{"start":{"line":15,"column":12},"end":{"line":15,"column":49}},"type":"binary-expr","locations":[{"start":{"line":15,"column":12},"end":{"line":15,"column":35}},{"start":{"line":15,"column":39},"end":{"line":15,"column":49}}],"line":15},"3":{"loc":{"start":{"line":16,"column":12},"end":{"line":16,"column":54}},"type":"binary-expr","locations":[{"start":{"line":16,"column":12},"end":{"line":16,"column":31}},{"start":{"line":16,"column":35},"end":{"line":16,"column":54}}],"line":16},"4":{"loc":{"start":{"line":52,"column":2},"end":{"line":52,"column":74}},"type":"if","locations":[{"start":{"line":52,"column":2},"end":{"line":52,"column":74}},{"start":{},"end":{}}],"line":52},"5":{"loc":{"start":{"line":64,"column":2},"end":{"line":64,"column":74}},"type":"if","locations":[{"start":{"line":64,"column":2},"end":{"line":64,"column":74}},{"start":{},"end":{}}],"line":64},"6":{"loc":{"start":{"line":67,"column":2},"end":{"line":69,"column":3}},"type":"if","locations":[{"start":{"line":67,"column":2},"end":{"line":69,"column":3}},{"start":{},"end":{}}],"line":67},"7":{"loc":{"start":{"line":67,"column":6},"end":{"line":67,"column":57}},"type":"binary-expr","locations":[{"start":{"line":67,"column":6},"end":{"line":67,"column":20}},{"start":{"line":67,"column":24},"end":{"line":67,"column":38}},{"start":{"line":67,"column":42},"end":{"line":67,"column":57}}],"line":67},"8":{"loc":{"start":{"line":91,"column":2},"end":{"line":91,"column":74}},"type":"if","locations":[{"start":{"line":91,"column":2},"end":{"line":91,"column":74}},{"start":{},"end":{}}],"line":91},"9":{"loc":{"start":{"line":95,"column":2},"end":{"line":97,"column":3}},"type":"if","locations":[{"start":{"line":95,"column":2},"end":{"line":97,"column":3}},{"start":{},"end":{}}],"line":95},"10":{"loc":{"start":{"line":95,"column":6},"end":{"line":95,"column":57}},"type":"binary-expr","locations":[{"start":{"line":95,"column":6},"end":{"line":95,"column":20}},{"start":{"line":95,"column":24},"end":{"line":95,"column":38}},{"start":{"line":95,"column":42},"end":{"line":95,"column":57}}],"line":95},"11":{"loc":{"start":{"line":105,"column":4},"end":{"line":107,"column":5}},"type":"if","locations":[{"start":{"line":105,"column":4},"end":{"line":107,"column":5}},{"start":{},"end":{}}],"line":105},"12":{"loc":{"start":{"line":118,"column":2},"end":{"line":118,"column":74}},"type":"if","locations":[{"start":{"line":118,"column":2},"end":{"line":118,"column":74}},{"start":{},"end":{}}],"line":118},"13":{"loc":{"start":{"line":124,"column":4},"end":{"line":126,"column":5}},"type":"if","locations":[{"start":{"line":124,"column":4},"end":{"line":126,"column":5}},{"start":{},"end":{}}],"line":124},"14":{"loc":{"start":{"line":140,"column":13},"end":{"line":140,"column":37}},"type":"binary-expr","locations":[{"start":{"line":140,"column":13},"end":{"line":140,"column":29}},{"start":{"line":140,"column":33},"end":{"line":140,"column":37}}],"line":140},"15":{"loc":{"start":{"line":153,"column":0},"end":{"line":155,"column":1}},"type":"if","locations":[{"start":{"line":153,"column":0},"end":{"line":155,"column":1}},{"start":{},"end":{}}],"line":153}},"s":{"0":3,"1":3,"2":3,"3":3,"4":3,"5":3,"6":3,"7":3,"8":0,"9":0,"10":0,"11":0,"12":0,"13":0,"14":0,"15":3,"16":0,"17":3,"18":2,"19":2,"20":0,"21":0,"22":0,"23":0,"24":0,"25":3,"26":4,"27":4,"28":0,"29":0,"30":0,"31":0,"32":0,"33":0,"34":0,"35":0,"36":3,"37":1,"38":1,"39":0,"40":0,"41":0,"42":0,"43":0,"44":0,"45":0,"46":0,"47":0,"48":0,"49":0,"50":3,"51":1,"52":1,"53":0,"54":0,"55":0,"56":0,"57":0,"58":0,"59":0,"60":0,"61":3,"62":2,"63":3,"64":0,"65":0,"66":0,"67":3,"68":3,"69":0},"f":{"0":0,"1":0,"2":2,"3":4,"4":1,"5":1,"6":2,"7":0,"8":0},"b":{"0":[3,3],"1":[3,3],"2":[3,3],"3":[3,3],"4":[2,0],"5":[4,0],"6":[0,0],"7":[0,0,0],"8":[1,0],"9":[0,0],"10":[0,0,0],"11":[0,0],"12":[1,0],"13":[0,0],"14":[3,3],"15":[0,3]},"_coverageSchema":"1a1c01bbd47fc00a2c39e90264f33305004495a9","hash":"d63de72f0a267963ecbfa9b5c3b580d348d9634f"}
}
