TN:
SF:index.js
FN:22,initDB
FN:46,(anonymous_1)
FN:51,(anonymous_2)
FN:63,(anonymous_3)
FN:90,(anonymous_4)
FN:117,(anonymous_5)
FN:136,(anonymous_6)
FN:142,startServer
FN:144,(anonymous_8)
FNF:9
FNH:5
FNDA:0,initDB
FNDA:0,(anonymous_1)
FNDA:2,(anonymous_2)
FNDA:4,(anonymous_3)
FNDA:1,(anonymous_4)
FNDA:1,(anonymous_5)
FNDA:2,(anonymous_6)
FNDA:0,startServer
FNDA:0,(anonymous_8)
DA:1,3
DA:2,3
DA:3,3
DA:4,3
DA:7,3
DA:8,3
DA:9,3
DA:12,3
DA:23,0
DA:24,0
DA:25,0
DA:35,0
DA:37,0
DA:40,0
DA:41,0
DA:46,3
DA:47,0
DA:51,3
DA:52,2
DA:53,0
DA:54,0
DA:55,0
DA:57,0
DA:58,0
DA:63,3
DA:64,4
DA:65,0
DA:67,0
DA:68,0
DA:71,0
DA:72,0
DA:76,0
DA:84,0
DA:85,0
DA:90,3
DA:91,1
DA:92,0
DA:93,0
DA:95,0
DA:96,0
DA:99,0
DA:100,0
DA:105,0
DA:106,0
DA:109,0
DA:111,0
DA:112,0
DA:117,3
DA:118,1
DA:119,0
DA:121,0
DA:122,0
DA:124,0
DA:125,0
DA:128,0
DA:130,0
DA:131,0
DA:136,3
DA:137,2
DA:140,3
DA:143,0
DA:144,0
DA:145,0
DA:150,3
DA:153,3
DA:154,0
LF:66
LH:22
BRDA:13,0,0,3
BRDA:13,0,1,3
BRDA:14,1,0,3
BRDA:14,1,1,3
BRDA:15,2,0,3
BRDA:15,2,1,3
BRDA:16,3,0,3
BRDA:16,3,1,3
BRDA:52,4,0,2
BRDA:52,4,1,0
BRDA:64,5,0,4
BRDA:64,5,1,0
BRDA:67,6,0,0
BRDA:67,6,1,0
BRDA:67,7,0,0
BRDA:67,7,1,0
BRDA:67,7,2,0
BRDA:91,8,0,1
BRDA:91,8,1,0
BRDA:95,9,0,0
BRDA:95,9,1,0
BRDA:95,10,0,0
BRDA:95,10,1,0
BRDA:95,10,2,0
BRDA:105,11,0,0
BRDA:105,11,1,0
BRDA:118,12,0,1
BRDA:118,12,1,0
BRDA:124,13,0,0
BRDA:124,13,1,0
BRDA:140,14,0,3
BRDA:140,14,1,3
BRDA:153,15,0,0
BRDA:153,15,1,3
BRF:34
BRH:15
end_of_record
